<?xml version="1.0" encoding="UTF-8"?>
<coverage generated="1737561422679" clover="3.2.0">
  <project timestamp="1737561422679" name="All files">
    <metrics statements="27" coveredstatements="27" conditionals="8" coveredconditionals="7" methods="4" coveredmethods="4" elements="39" coveredelements="38" complexity="0" loc="27" ncloc="27" packages="1" files="1" classes="1"/>
    <file name="marsRover.js" path="C:\Users\ogueye\Desktop\Master 2\Test Driven developpement\Examen-Rust-et-Web-Assembly-Oumou-Khairy-GUEYE\Examen-rust&web\src\utils\marsRover.js">
      <metrics statements="27" coveredstatements="27" conditionals="8" coveredconditionals="7" methods="4" coveredmethods="4"/>
      <line num="4" count="34" type="stmt"/>
      <line num="6" count="7" type="stmt"/>
      <line num="7" count="7" type="stmt"/>
      <line num="9" count="7" type="stmt"/>
      <line num="10" count="12" type="stmt"/>
      <line num="11" count="12" type="cond" truecount="2" falsecount="0"/>
      <line num="13" count="12" type="stmt"/>
      <line num="21" count="7" type="stmt"/>
      <line num="27" count="7" type="stmt"/>
      <line num="28" count="7" type="stmt"/>
      <line num="36" count="7" type="stmt"/>
      <line num="37" count="43" type="cond" truecount="2" falsecount="0"/>
      <line num="39" count="8" type="stmt"/>
      <line num="40" count="35" type="cond" truecount="2" falsecount="0"/>
      <line num="42" count="4" type="stmt"/>
      <line num="43" count="31" type="cond" truecount="1" falsecount="1"/>
      <line num="45" count="31" type="stmt"/>
      <line num="46" count="31" type="stmt"/>
      <line num="48" count="31" type="stmt"/>
      <line num="49" count="31" type="stmt"/>
      <line num="57" count="3" type="stmt"/>
      <line num="58" count="3" type="stmt"/>
      <line num="60" count="3" type="stmt"/>
      <line num="61" count="5" type="stmt"/>
      <line num="63" count="5" type="stmt"/>
      <line num="66" count="3" type="stmt"/>
      <line num="69" count="1" type="stmt"/>
    </file>
  </project>
</coverage>
