{"C:\\Users\\ogueye\\Desktop\\Master 2\\Test Driven developpement\\Examen-Rust-et-Web-Assembly-Oumou-Khairy-GUEYE\\Examen-rust&web\\src\\utils\\marsRover.js": {"path":"C:\\Users\\ogueye\\Desktop\\Master 2\\Test Driven developpement\\Examen-Rust-et-Web-Assembly-Oumou-Khairy-GUEYE\\Examen-rust&web\\src\\utils\\marsRover.js","statementMap":{"0":{"start":{"line":4,"column":18},"end":{"line":4,"column":77}},"1":{"start":{"line":4,"column":58},"end":{"line":4,"column":76}},"2":{"start":{"line":6,"column":20},"end":{"line":6,"column":58}},"3":{"start":{"line":7,"column":19},"end":{"line":7,"column":21}},"4":{"start":{"line":9,"column":4},"end":{"line":19,"column":5}},"5":{"start":{"line":9,"column":17},"end":{"line":9,"column":18}},"6":{"start":{"line":10,"column":25},"end":{"line":10,"column":51}},"7":{"start":{"line":11,"column":29},"end":{"line":11,"column":68}},"8":{"start":{"line":13,"column":8},"end":{"line":18,"column":11}},"9":{"start":{"line":21,"column":4},"end":{"line":21,"column":31}},"10":{"start":{"line":27,"column":23},"end":{"line":27,"column":43}},"11":{"start":{"line":28,"column":18},"end":{"line":33,"column":5}},"12":{"start":{"line":36,"column":4},"end":{"line":51,"column":5}},"13":{"start":{"line":37,"column":8},"end":{"line":50,"column":9}},"14":{"start":{"line":39,"column":12},"end":{"line":39,"column":88}},"15":{"start":{"line":40,"column":15},"end":{"line":50,"column":9}},"16":{"start":{"line":42,"column":12},"end":{"line":42,"column":88}},"17":{"start":{"line":43,"column":15},"end":{"line":50,"column":9}},"18":{"start":{"line":45,"column":12},"end":{"line":45,"column":48}},"19":{"start":{"line":46,"column":12},"end":{"line":46,"column":48}},"20":{"start":{"line":48,"column":12},"end":{"line":48,"column":65}},"21":{"start":{"line":49,"column":12},"end":{"line":49,"column":65}},"22":{"start":{"line":57,"column":32},"end":{"line":57,"column":60}},"23":{"start":{"line":58,"column":20},"end":{"line":58,"column":22}},"24":{"start":{"line":60,"column":4},"end":{"line":64,"column":5}},"25":{"start":{"line":61,"column":8},"end":{"line":61,"column":49}},"26":{"start":{"line":63,"column":8},"end":{"line":63,"column":65}},"27":{"start":{"line":66,"column":4},"end":{"line":66,"column":30}},"28":{"start":{"line":70,"column":0},"end":{"line":70,"column":93}}},"fnMap":{"0":{"name":"parsePlateauAndRovers","decl":{"start":{"line":2,"column":9},"end":{"line":2,"column":30}},"loc":{"start":{"line":2,"column":38},"end":{"line":22,"column":1}},"line":2},"1":{"name":"(anonymous_1)","decl":{"start":{"line":4,"column":50},"end":{"line":4,"column":51}},"loc":{"start":{"line":4,"column":58},"end":{"line":4,"column":76}},"line":4},"2":{"name":"executeRoverInstructions","decl":{"start":{"line":25,"column":9},"end":{"line":25,"column":33}},"loc":{"start":{"line":25,"column":50},"end":{"line":52,"column":1}},"line":25},"3":{"name":"getFinalRoverPositions","decl":{"start":{"line":55,"column":9},"end":{"line":55,"column":31}},"loc":{"start":{"line":55,"column":39},"end":{"line":67,"column":1}},"line":55}},"branchMap":{"0":{"loc":{"start":{"line":11,"column":29},"end":{"line":11,"column":68}},"type":"cond-expr","locations":[{"start":{"line":11,"column":44},"end":{"line":11,"column":63}},{"start":{"line":11,"column":66},"end":{"line":11,"column":68}}],"line":11},"1":{"loc":{"start":{"line":37,"column":8},"end":{"line":50,"column":9}},"type":"if","locations":[{"start":{"line":37,"column":8},"end":{"line":50,"column":9}},{"start":{"line":40,"column":15},"end":{"line":50,"column":9}}],"line":37},"2":{"loc":{"start":{"line":40,"column":15},"end":{"line":50,"column":9}},"type":"if","locations":[{"start":{"line":40,"column":15},"end":{"line":50,"column":9}},{"start":{"line":43,"column":15},"end":{"line":50,"column":9}}],"line":40},"3":{"loc":{"start":{"line":43,"column":15},"end":{"line":50,"column":9}},"type":"if","locations":[{"start":{"line":43,"column":15},"end":{"line":50,"column":9}},{"start":{},"end":{}}],"line":43}},"s":{"0":7,"1":34,"2":7,"3":7,"4":7,"5":7,"6":12,"7":12,"8":12,"9":7,"10":7,"11":7,"12":7,"13":43,"14":8,"15":35,"16":4,"17":31,"18":31,"19":31,"20":31,"21":31,"22":3,"23":3,"24":3,"25":5,"26":5,"27":3,"28":1},"f":{"0":7,"1":34,"2":7,"3":3},"b":{"0":[11,1],"1":[8,35],"2":[4,31],"3":[31,0]},"_coverageSchema":"1a1c01bbd47fc00a2c39e90264f33305004495a9","hash":"f92e126a10980871757e4765598e309412ef3718"}
}
