TN:
SF:utils\marsRover.js
FN:2,parsePlateauAndRovers
FN:4,(anonymous_1)
FN:25,executeRoverInstructions
FN:55,getFinalRoverPositions
FNF:4
FNH:4
FNDA:7,parsePlateauAndRovers
FNDA:34,(anonymous_1)
FNDA:7,executeRoverInstructions
FNDA:3,getFinalRoverPositions
DA:4,34
DA:6,7
DA:7,7
DA:9,7
DA:10,12
DA:11,12
DA:13,12
DA:21,7
DA:27,7
DA:28,7
DA:36,7
DA:37,43
DA:39,8
DA:40,35
DA:42,4
DA:43,31
DA:45,31
DA:46,31
DA:48,31
DA:49,31
DA:57,3
DA:58,3
DA:60,3
DA:61,5
DA:63,5
DA:66,3
DA:69,1
LF:27
LH:27
BRDA:11,0,0,11
BRDA:11,0,1,1
BRDA:37,1,0,8
BRDA:37,1,1,35
BRDA:40,2,0,4
BRDA:40,2,1,31
BRDA:43,3,0,31
BRDA:43,3,1,0
BRF:8
BRH:7
end_of_record
